<?xml version="1.0" encoding="UTF-8"?>
<!-- Generated by org.testng.reporters.JUnitXMLReporter -->
<testsuite hostname="iam_shailesh" ignored="2" name="Default test" tests="2" failures="0" timestamp="21 Nov 2020 15:04:13 GMT" time="8.909" errors="0">
  <testcase name="sendName" time="0.362" classname="test.project.Validate_U269"/>
  <testcase name="verifyName" time="0.067" classname="test.project.Validate_U269"/>
  <testcase name="@AfterTest closebro" time="0.0" classname="test.project.Open_close_browser">
    <ignored/>
  </testcase> <!-- @AfterTest closebro -->
  <testcase name="@BeforeTest openbro" time="0.0" classname="test.project.Open_close_browser">
    <ignored/>
  </testcase> <!-- @BeforeTest openbro -->
</testsuite> <!-- Default test -->
