<?xml version="1.0" encoding="UTF-8"?>
<testng-results skipped="0" failed="0" ignored="0" total="2" passed="2">
  <reporter-output>
  </reporter-output>
  <suite name="Suite" duration-ms="9996" started-at="2020-11-21T15:36:11Z" finished-at="2020-11-21T15:36:21Z">
    <groups>
    </groups>
    <test name="Test" duration-ms="9996" started-at="2020-11-21T15:36:11Z" finished-at="2020-11-21T15:36:21Z">
      <class name="test.project.Validate_U269">
        <test-method status="PASS" signature="openbro()[pri:0, instance:test.project.Validate_U269@1ed4004b]" name="openbro" is-config="true" duration-ms="8613" started-at="2020-11-21T15:36:11Z" finished-at="2020-11-21T15:36:20Z">
          <reporter-output>
          </reporter-output>
        </test-method> <!-- openbro -->
        <test-method status="PASS" signature="sendName()[pri:0, instance:test.project.Validate_U269@1ed4004b]" name="sendName" duration-ms="513" started-at="2020-11-21T15:36:20Z" finished-at="2020-11-21T15:36:21Z">
          <reporter-output>
          </reporter-output>
        </test-method> <!-- sendName -->
        <test-method status="PASS" signature="verifyName()[pri:1, instance:test.project.Validate_U269@1ed4004b]" name="verifyName" duration-ms="64" started-at="2020-11-21T15:36:21Z" finished-at="2020-11-21T15:36:21Z">
          <reporter-output>
          </reporter-output>
        </test-method> <!-- verifyName -->
        <test-method status="PASS" signature="closebro()[pri:0, instance:test.project.Validate_U269@1ed4004b]" name="closebro" is-config="true" duration-ms="742" started-at="2020-11-21T15:36:21Z" finished-at="2020-11-21T15:36:21Z">
          <reporter-output>
          </reporter-output>
        </test-method> <!-- closebro -->
      </class> <!-- test.project.Validate_U269 -->
    </test> <!-- Test -->
  </suite> <!-- Suite -->
</testng-results>
